[debug] [2026-02-06T12:41:20.997Z] ----------------------------------------------------------------------
[debug] [2026-02-06T12:41:21.000Z] Command:       D:\Node js\node.exe C:\Users\kingp\AppData\Roaming\npm\node_modules\firebase-tools\lib\bin\firebase.js init
[debug] [2026-02-06T12:41:21.000Z] CLI Version:   15.5.1
[debug] [2026-02-06T12:41:21.000Z] Platform:      win32
[debug] [2026-02-06T12:41:21.000Z] Node Version:  v24.13.0
[debug] [2026-02-06T12:41:21.000Z] Time:          Fri Feb 06 2026 13:41:21 GMT+0100 (hora estándar de Europa central)
[debug] [2026-02-06T12:41:21.000Z] ----------------------------------------------------------------------
[debug] 
[info] 
     ######## #### ########  ######## ########     ###     ######  ########
     ##        ##  ##     ## ##       ##     ##  ##   ##  ##       ##
     ######    ##  ########  ######   ########  #########  ######  ######
     ##        ##  ##    ##  ##       ##     ## ##     ##       ## ##
     ##       #### ##     ## ######## ########  ##     ##  ######  ########

You're about to initialize a Firebase project in this directory:

  D:\PROYECTOS IA\FOOTGOLF TOTAL\footgolf-app

[debug] [2026-02-06T12:43:41.623Z] ExitPromptError: User force closed the prompt with SIGINT
    at Interface.sigint (C:\Users\kingp\AppData\Roaming\npm\node_modules\firebase-tools\node_modules\@inquirer\core\dist\commonjs\lib\create-prompt.js:101:37)
    at Interface.emit (node:events:508:28)
    at [_ttyWrite] [as _ttyWrite] (node:internal/readline/interface:1327:18)
    at ReadStream.onkeypress (node:internal/readline/interface:284:20)
    at ReadStream.emit (node:events:520:35)
    at emitKeys (node:internal/readline/utils:371:14)
    at emitKeys.next (<anonymous>)
    at ReadStream.onData (node:internal/readline/emitKeypressEvents:64:36)
    at ReadStream.emit (node:events:508:28)
    at addChunk (node:internal/streams/readable:559:12)
[error] 
[error] Error: An unexpected error has occurred.
